Could not find platform independent libraries <prefix>
Seeding Enterprise Database...
Traceback (most recent call last):
  File "C:\Users\akank\AndroidStudioProjects\FastShopping\backend\seed_data.py", line 117, in <module>
    seed_db()
    ~~~~~~~^^
  File "C:\Users\akank\AndroidStudioProjects\FastShopping\backend\seed_data.py", line 86, in seed_db
    product = Product(
        title=name,
    ...<12 lines>...
        })
    )
  File "<string>", line 4, in __init__
  File "C:\Users\akank\AndroidStudioProjects\FastShopping\backend\venv\Lib\site-packages\sqlalchemy\orm\state.py", line 596, in _initialize_instance
    with util.safe_reraise():
         ~~~~~~~~~~~~~~~~~^^
  File "C:\Users\akank\AndroidStudioProjects\FastShopping\backend\venv\Lib\site-packages\sqlalchemy\util\langhelpers.py", line 121, in __exit__
    raise exc_value.with_traceback(exc_tb)
  File "C:\Users\akank\AndroidStudioProjects\FastShopping\backend\venv\Lib\site-packages\sqlalchemy\orm\state.py", line 594, in _initialize_instance
    manager.original_init(*mixed[1:], **kwargs)
    ~~~~~~~~~~~~~~~~~~~~~^^^^^^^^^^^^^^^^^^^^^^
  File "C:\Users\akank\AndroidStudioProjects\FastShopping\backend\venv\Lib\site-packages\sqlalchemy\orm\decl_base.py", line 2179, in _declarative_constructor
    raise TypeError(
        "%r is an invalid keyword argument for %s" % (k, cls_.__name__)
    )
TypeError: 'original_price' is an invalid keyword argument for Product
